Microsoft (R) Macro Assembler Version 6.11		    09/19/22 15:25:36
tempfile.asm						     Page 1 - 1


 0000				DATAS SEGMENT
 0000 0D 0A 24			    CRLF  db 13, 10, '$'
 0003  0004 [			    AREA  db 4 dup(0)
        00
       ]
 0007				DATAS ENDS

 0000				STACKS SEGMENT
				    
 0000				STACKS ENDS

 0000				CODES SEGMENT
				            ASSUME CS:CODES,DS:DATAS,SS:STACKS
 0000				    START:  
 0000  B8 ---- R		            MOV    AX,DATAS
 0003  8E D8			            MOV    DS,AX
				   	
 0005  B8 0929			            mov    ax, 2345
 0008  8D 1E 0003 R		            lea    bx, CS:AREA
 000C  BE 0001			            mov    si, 1
 000F  B2 0A			            mov    dl, 10
				            
 0011  F6 F2			            div dl
 0013  50			            push ax
 0014				    divLoop:
 0014  B4 00			    		mov ah, 0
 0016  F6 F2			            div    dl
 0018  50			            push ax
 0019  46			            inc si
 001A  3C 00			            cmp   al, 0
 001C  75 F6			            jnz    divLoop
							
							
							
 001E				    output: 
 001E  59			       		pop cx
 001F  8A D5			            mov    dl, ch
 0021  80 C2 30			            add    dl, '0'
 0024  4E			            dec si
 0025  B4 02			            mov   	ah, 2
 0027  CD 21			            int 	21h
				            
 0029  83 FE 00			            cmp   si ,0
 002C  75 F0			            jnz    output
				            
 002E  B4 4C			            MOV    AH,4CH
 0030  CD 21			            INT    21H
 0032				CODES ENDS
				    END START

Microsoft (R) Macro Assembler Version 6.11		    09/19/22 15:25:36
tempfile.asm						     Symbols 2 - 1




Segments and Groups:

                N a m e                 Size     Length   Align   Combine Class

CODES  . . . . . . . . . . . . .	16 Bit	 0032	  Para	  Private 
DATAS  . . . . . . . . . . . . .	16 Bit	 0007	  Para	  Private 
STACKS . . . . . . . . . . . . .	16 Bit	 0000	  Para	  Private 


Symbols:

                N a m e                 Type     Value    Attr

AREA . . . . . . . . . . . . . .	Byte	 0003	  DATAS	
CRLF . . . . . . . . . . . . . .	Byte	 0000	  DATAS	
START  . . . . . . . . . . . . .	L Near	 0000	  CODES	
divLoop  . . . . . . . . . . . .	L Near	 0014	  CODES	
output . . . . . . . . . . . . .	L Near	 001E	  CODES	

	   0 Warnings
	   0 Errors
